<?xml version="1.0" encoding="UTF-8"?>
<testsuite xmlns:xsi="http://www.w3.org/2001/XMLSchema-instance" xsi:noNamespaceSchemaLocation="https://maven.apache.org/surefire/maven-surefire-plugin/xsd/surefire-test-report-3.0.xsd" version="3.0" name="in.govtjobs.scraper.impl.ScraperDebugTest" time="3.391" tests="1" errors="0" skipped="0" failures="0">
  <properties>
[...]
</properties>
  <testcase name="runDebug" classname="in.govtjobs.scraper.impl.ScraperDebugTest" time="3.346">
    <system-out><![CDATA[

=== Fetching https://kpsc.kar.nic.in/ ===
HTML Length: 14113
<!DOCTYPE html PUBLIC "-//W3C//DTD XHTML 1.0 Strict//EN" "http://www.w3.org/TR/xhtml1/DTD/xhtml1-strict.dtd">
<html xmlns="http://www.w3.org/1999/xhtml">
 <head>
  <meta http-equiv="Content-Type" content="text/html; charset=utf-8">
  <title>Karnataka Public Service Commission</title>
  <link href="css/thrColElsHdr.css" rel="stylesheet" type="text/css">
  <link href="css/jqueryslidemenu.css" type="text/css" rel="Stylesheet">
  <link rel="icon" href="Images/kar-favicon.ico" type="image/x-icon">
  


=== Fetching https://npsc.nagaland.gov.in/ ===
HTML Length: 30615
<!doctype html>
<html lang="en">
 <head>
  <!--Meta Tag-->
  <meta charset="utf-8">
  <meta name="viewport" content="width=device-width, initial-scale=1">
  <meta name="title" content="NPSC">
  <meta name="description" content="NPSC">
  <meta name="author" content="NPSC">
  <meta name="google-site-verification" content="LyRK5_p4kZvicBO4YJVZ50FTa9KVKXe9JaIZ_v4GoEs">
  <meta name="msvalidate.01" content="C6207A3AAF7297EBEEE15C4BBF779B2B">
  <meta name="keywords" content="NPSC">
  <meta name="googl


=== Fetching https://dsssb.delhi.gov.in/current-vacancies ===
HTML Length: 33096
<!doctype html>
<html lang="en" dir="ltr">
 <head>
  <meta charset="utf-8">
  <meta name="description" content="">
  <link rel="canonical" href="https://dsssb.delhi.gov.in/page-not-found">
  <meta name="MobileOptimized" content="width">
  <meta name="HandheldFriendly" content="true">
  <meta name="viewport" content="width=device-width, initial-scale=1.0">
  <script type="application/ld+json">{
    "@context": "https://schema.org",
    "@type": "BreadcrumbList",
    "itemListElement": [
        {


=== Fetching https://jkssb.nic.in/Jobs.html ===
HTML Length: 152
<html>
 <head></head>
 <body>
  The resource you are looking for has been removed, had its name changed, or is temporarily unavailable.
 </body>
</html>
]]></system-out>
  </testcase>
</testsuite>